  [1m[35m (1.1ms)[0m  [1m[35mCREATE TABLE "schema_migrations" ("version" varchar NOT NULL PRIMARY KEY)[0m
  [1m[35m (0.9ms)[0m  [1m[35mCREATE TABLE "ar_internal_metadata" ("key" varchar NOT NULL PRIMARY KEY, "value" varchar, "created_at" datetime NOT NULL, "updated_at" datetime NOT NULL)[0m
  [1m[36mActiveRecord::SchemaMigration Load (0.1ms)[0m  [1m[34mSELECT "schema_migrations".* FROM "schema_migrations"[0m
Migrating to CreateDesigners (20170509230521)
  [1m[35m (0.1ms)[0m  [1m[36mbegin transaction[0m
  [1m[35m (0.5ms)[0m  [1m[35mCREATE TABLE "designers" ("id" INTEGER PRIMARY KEY AUTOINCREMENT NOT NULL, "first_name" varchar, "last_name" varchar, "company_id" integer, "role" varchar, "created_at" datetime NOT NULL, "updated_at" datetime NOT NULL)[0m
  [1m[35mSQL (0.1ms)[0m  [1m[32mINSERT INTO "schema_migrations" ("version") VALUES (?)[0m  [["version", "20170509230521"]]
  [1m[35m (0.7ms)[0m  [1m[36mcommit transaction[0m
  [1m[36mActiveRecord::InternalMetadata Load (0.1ms)[0m  [1m[34mSELECT  "ar_internal_metadata".* FROM "ar_internal_metadata" WHERE "ar_internal_metadata"."key" = ? LIMIT ?[0m  [["key", :environment], ["LIMIT", 1]]
  [1m[35m (0.0ms)[0m  [1m[36mbegin transaction[0m
  [1m[35mSQL (0.3ms)[0m  [1m[32mINSERT INTO "ar_internal_metadata" ("key", "value", "created_at", "updated_at") VALUES (?, ?, ?, ?)[0m  [["key", "environment"], ["value", "development"], ["created_at", 2017-05-09 23:05:32 UTC], ["updated_at", 2017-05-09 23:05:32 UTC]]
  [1m[35m (0.7ms)[0m  [1m[36mcommit transaction[0m
  [1m[36mActiveRecord::SchemaMigration Load (0.1ms)[0m  [1m[34mSELECT "schema_migrations".* FROM "schema_migrations"[0m
  [1m[36mActiveRecord::SchemaMigration Load (0.4ms)[0m  [1m[34mSELECT "schema_migrations".* FROM "schema_migrations"[0m
  [1m[36mActiveRecord::InternalMetadata Load (0.5ms)[0m  [1m[34mSELECT  "ar_internal_metadata".* FROM "ar_internal_metadata" WHERE "ar_internal_metadata"."key" = ? LIMIT ?[0m  [["key", :environment], ["LIMIT", 1]]
  [1m[35m (0.1ms)[0m  [1m[36mbegin transaction[0m
  [1m[35m (0.0ms)[0m  [1m[36mcommit transaction[0m
  [1m[36mActiveRecord::SchemaMigration Load (0.1ms)[0m  [1m[34mSELECT "schema_migrations".* FROM "schema_migrations"[0m
  [1m[36mActiveRecord::SchemaMigration Load (0.1ms)[0m  [1m[34mSELECT "schema_migrations".* FROM "schema_migrations"[0m
  [1m[36mActiveRecord::SchemaMigration Load (0.3ms)[0m  [1m[34mSELECT "schema_migrations".* FROM "schema_migrations"[0m
  [1m[36mActiveRecord::InternalMetadata Load (0.2ms)[0m  [1m[34mSELECT  "ar_internal_metadata".* FROM "ar_internal_metadata" WHERE "ar_internal_metadata"."key" = ? LIMIT ?[0m  [["key", :environment], ["LIMIT", 1]]
  [1m[35m (0.1ms)[0m  [1m[36mbegin transaction[0m
  [1m[35m (0.0ms)[0m  [1m[36mcommit transaction[0m
  [1m[36mActiveRecord::SchemaMigration Load (0.2ms)[0m  [1m[34mSELECT "schema_migrations".* FROM "schema_migrations"[0m
Started GET "/" for ::1 at 2017-05-09 18:10:54 -0500
  [1m[36mActiveRecord::SchemaMigration Load (0.1ms)[0m  [1m[34mSELECT "schema_migrations".* FROM "schema_migrations"[0m
Processing by Rails::WelcomeController#index as HTML
  Parameters: {"internal"=>true}
  Rendering /Users/Nick/.rvm/gems/ruby-2.3.3/gems/railties-5.0.2/lib/rails/templates/rails/welcome/index.html.erb
  Rendered /Users/Nick/.rvm/gems/ruby-2.3.3/gems/railties-5.0.2/lib/rails/templates/rails/welcome/index.html.erb (5.3ms)
Completed 200 OK in 25ms (Views: 11.4ms | ActiveRecord: 0.0ms)


Started GET "/admin" for ::1 at 2017-05-09 18:10:57 -0500
  
ActionController::RoutingError (No route matches [GET] "/admin"):
  
actionpack (5.0.2) lib/action_dispatch/middleware/debug_exceptions.rb:53:in `call'
web-console (3.5.0) lib/web_console/middleware.rb:135:in `call_app'
web-console (3.5.0) lib/web_console/middleware.rb:28:in `block in call'
web-console (3.5.0) lib/web_console/middleware.rb:18:in `catch'
web-console (3.5.0) lib/web_console/middleware.rb:18:in `call'
actionpack (5.0.2) lib/action_dispatch/middleware/show_exceptions.rb:31:in `call'
railties (5.0.2) lib/rails/rack/logger.rb:36:in `call_app'
railties (5.0.2) lib/rails/rack/logger.rb:24:in `block in call'
activesupport (5.0.2) lib/active_support/tagged_logging.rb:69:in `block in tagged'
activesupport (5.0.2) lib/active_support/tagged_logging.rb:26:in `tagged'
activesupport (5.0.2) lib/active_support/tagged_logging.rb:69:in `tagged'
railties (5.0.2) lib/rails/rack/logger.rb:24:in `call'
sprockets-rails (3.2.0) lib/sprockets/rails/quiet_assets.rb:13:in `call'
actionpack (5.0.2) lib/action_dispatch/middleware/request_id.rb:24:in `call'
rack (2.0.2) lib/rack/method_override.rb:22:in `call'
rack (2.0.2) lib/rack/runtime.rb:22:in `call'
activesupport (5.0.2) lib/active_support/cache/strategy/local_cache_middleware.rb:28:in `call'
actionpack (5.0.2) lib/action_dispatch/middleware/executor.rb:12:in `call'
actionpack (5.0.2) lib/action_dispatch/middleware/static.rb:136:in `call'
rack (2.0.2) lib/rack/sendfile.rb:111:in `call'
railties (5.0.2) lib/rails/engine.rb:522:in `call'
puma (3.8.2) lib/puma/configuration.rb:224:in `call'
puma (3.8.2) lib/puma/server.rb:600:in `handle_request'
puma (3.8.2) lib/puma/server.rb:435:in `process_client'
puma (3.8.2) lib/puma/server.rb:299:in `block in run'
puma (3.8.2) lib/puma/thread_pool.rb:120:in `block in spawn_thread'
  Rendering /Users/Nick/.rvm/gems/ruby-2.3.3/gems/actionpack-5.0.2/lib/action_dispatch/middleware/templates/rescues/routing_error.html.erb within rescues/layout
  Rendering /Users/Nick/.rvm/gems/ruby-2.3.3/gems/actionpack-5.0.2/lib/action_dispatch/middleware/templates/rescues/_trace.html.erb
  Rendered /Users/Nick/.rvm/gems/ruby-2.3.3/gems/actionpack-5.0.2/lib/action_dispatch/middleware/templates/rescues/_trace.html.erb (1.6ms)
  Rendered collection of /Users/Nick/.rvm/gems/ruby-2.3.3/gems/actionpack-5.0.2/lib/action_dispatch/middleware/templates/routes/_route.html.erb [7 times] (9.0ms)
  Rendered /Users/Nick/.rvm/gems/ruby-2.3.3/gems/actionpack-5.0.2/lib/action_dispatch/middleware/templates/routes/_table.html.erb (4.8ms)
  Rendering /Users/Nick/.rvm/gems/ruby-2.3.3/gems/actionpack-5.0.2/lib/action_dispatch/middleware/templates/rescues/_request_and_response.html.erb
  Rendered /Users/Nick/.rvm/gems/ruby-2.3.3/gems/actionpack-5.0.2/lib/action_dispatch/middleware/templates/rescues/_request_and_response.html.erb (1.0ms)
  Rendered /Users/Nick/.rvm/gems/ruby-2.3.3/gems/actionpack-5.0.2/lib/action_dispatch/middleware/templates/rescues/routing_error.html.erb within rescues/layout (95.0ms)
Started GET "/admin" for ::1 at 2017-05-09 18:12:35 -0500
  [1m[36mActiveRecord::SchemaMigration Load (0.2ms)[0m  [1m[34mSELECT "schema_migrations".* FROM "schema_migrations"[0m
  
ActiveRecord::PendingMigrationError (

Migrations are pending. To resolve this issue, run:

        bin/rails db:migrate RAILS_ENV=development

):
  
activerecord (5.0.2) lib/active_record/migration.rb:573:in `check_pending!'
activerecord (5.0.2) lib/active_record/migration.rb:549:in `call'
actionpack (5.0.2) lib/action_dispatch/middleware/callbacks.rb:38:in `block in call'
activesupport (5.0.2) lib/active_support/callbacks.rb:97:in `__run_callbacks__'
activesupport (5.0.2) lib/active_support/callbacks.rb:750:in `_run_call_callbacks'
activesupport (5.0.2) lib/active_support/callbacks.rb:90:in `run_callbacks'
actionpack (5.0.2) lib/action_dispatch/middleware/callbacks.rb:36:in `call'
actionpack (5.0.2) lib/action_dispatch/middleware/executor.rb:12:in `call'
actionpack (5.0.2) lib/action_dispatch/middleware/remote_ip.rb:79:in `call'
actionpack (5.0.2) lib/action_dispatch/middleware/debug_exceptions.rb:49:in `call'
web-console (3.5.0) lib/web_console/middleware.rb:135:in `call_app'
web-console (3.5.0) lib/web_console/middleware.rb:28:in `block in call'
web-console (3.5.0) lib/web_console/middleware.rb:18:in `catch'
web-console (3.5.0) lib/web_console/middleware.rb:18:in `call'
actionpack (5.0.2) lib/action_dispatch/middleware/show_exceptions.rb:31:in `call'
railties (5.0.2) lib/rails/rack/logger.rb:36:in `call_app'
railties (5.0.2) lib/rails/rack/logger.rb:24:in `block in call'
activesupport (5.0.2) lib/active_support/tagged_logging.rb:69:in `block in tagged'
activesupport (5.0.2) lib/active_support/tagged_logging.rb:26:in `tagged'
activesupport (5.0.2) lib/active_support/tagged_logging.rb:69:in `tagged'
railties (5.0.2) lib/rails/rack/logger.rb:24:in `call'
sprockets-rails (3.2.0) lib/sprockets/rails/quiet_assets.rb:13:in `call'
actionpack (5.0.2) lib/action_dispatch/middleware/request_id.rb:24:in `call'
rack (2.0.2) lib/rack/method_override.rb:22:in `call'
rack (2.0.2) lib/rack/runtime.rb:22:in `call'
activesupport (5.0.2) lib/active_support/cache/strategy/local_cache_middleware.rb:28:in `call'
actionpack (5.0.2) lib/action_dispatch/middleware/executor.rb:12:in `call'
actionpack (5.0.2) lib/action_dispatch/middleware/static.rb:136:in `call'
rack (2.0.2) lib/rack/sendfile.rb:111:in `call'
railties (5.0.2) lib/rails/engine.rb:522:in `call'
puma (3.8.2) lib/puma/configuration.rb:224:in `call'
puma (3.8.2) lib/puma/server.rb:600:in `handle_request'
puma (3.8.2) lib/puma/server.rb:435:in `process_client'
puma (3.8.2) lib/puma/server.rb:299:in `block in run'
puma (3.8.2) lib/puma/thread_pool.rb:120:in `block in spawn_thread'
  Rendering /Users/Nick/.rvm/gems/ruby-2.3.3/gems/actionpack-5.0.2/lib/action_dispatch/middleware/templates/rescues/diagnostics.html.erb within rescues/layout
  Rendering /Users/Nick/.rvm/gems/ruby-2.3.3/gems/actionpack-5.0.2/lib/action_dispatch/middleware/templates/rescues/_source.html.erb
  Rendered /Users/Nick/.rvm/gems/ruby-2.3.3/gems/actionpack-5.0.2/lib/action_dispatch/middleware/templates/rescues/_source.html.erb (1.5ms)
  Rendering /Users/Nick/.rvm/gems/ruby-2.3.3/gems/actionpack-5.0.2/lib/action_dispatch/middleware/templates/rescues/_trace.html.erb
  Rendered /Users/Nick/.rvm/gems/ruby-2.3.3/gems/actionpack-5.0.2/lib/action_dispatch/middleware/templates/rescues/_trace.html.erb (1.1ms)
  Rendering /Users/Nick/.rvm/gems/ruby-2.3.3/gems/actionpack-5.0.2/lib/action_dispatch/middleware/templates/rescues/_request_and_response.html.erb
  Rendered /Users/Nick/.rvm/gems/ruby-2.3.3/gems/actionpack-5.0.2/lib/action_dispatch/middleware/templates/rescues/_request_and_response.html.erb (0.7ms)
  Rendered /Users/Nick/.rvm/gems/ruby-2.3.3/gems/actionpack-5.0.2/lib/action_dispatch/middleware/templates/rescues/diagnostics.html.erb within rescues/layout (60.1ms)
  [1m[36mActiveRecord::SchemaMigration Load (0.2ms)[0m  [1m[34mSELECT "schema_migrations".* FROM "schema_migrations"[0m
Migrating to CreateActiveAdminComments (20170509231224)
  [1m[35m (0.1ms)[0m  [1m[36mbegin transaction[0m
  [1m[35m (0.5ms)[0m  [1m[35mCREATE TABLE "active_admin_comments" ("id" INTEGER PRIMARY KEY AUTOINCREMENT NOT NULL, "namespace" varchar, "body" text, "resource_type" varchar, "resource_id" integer, "author_type" varchar, "author_id" integer, "created_at" datetime NOT NULL, "updated_at" datetime NOT NULL)[0m
  [1m[35m (0.4ms)[0m  [1m[34mselect sqlite_version(*)[0m
  [1m[35m (0.1ms)[0m  [1m[35mCREATE  INDEX "index_active_admin_comments_on_resource_type_and_resource_id" ON "active_admin_comments" ("resource_type", "resource_id")[0m
  [1m[35m (0.1ms)[0m  [1m[34m            SELECT sql
            FROM sqlite_master
            WHERE name='index_active_admin_comments_on_resource_type_and_resource_id' AND type='index'
            UNION ALL
            SELECT sql
            FROM sqlite_temp_master
            WHERE name='index_active_admin_comments_on_resource_type_and_resource_id' AND type='index'
[0m
  [1m[35m (0.1ms)[0m  [1m[35mCREATE  INDEX "index_active_admin_comments_on_author_type_and_author_id" ON "active_admin_comments" ("author_type", "author_id")[0m
  [1m[35m (0.0ms)[0m  [1m[34m            SELECT sql
            FROM sqlite_master
            WHERE name='index_active_admin_comments_on_author_type_and_author_id' AND type='index'
            UNION ALL
            SELECT sql
            FROM sqlite_temp_master
            WHERE name='index_active_admin_comments_on_author_type_and_author_id' AND type='index'
[0m
  [1m[35m (0.0ms)[0m  [1m[34m            SELECT sql
            FROM sqlite_master
            WHERE name='index_active_admin_comments_on_resource_type_and_resource_id' AND type='index'
            UNION ALL
            SELECT sql
            FROM sqlite_temp_master
            WHERE name='index_active_admin_comments_on_resource_type_and_resource_id' AND type='index'
[0m
  [1m[35m (0.1ms)[0m  [1m[35mCREATE  INDEX "index_active_admin_comments_on_namespace" ON "active_admin_comments" ("namespace")[0m
  [1m[35mSQL (0.1ms)[0m  [1m[32mINSERT INTO "schema_migrations" ("version") VALUES (?)[0m  [["version", "20170509231224"]]
  [1m[35m (0.8ms)[0m  [1m[36mcommit transaction[0m
  [1m[36mActiveRecord::InternalMetadata Load (0.3ms)[0m  [1m[34mSELECT  "ar_internal_metadata".* FROM "ar_internal_metadata" WHERE "ar_internal_metadata"."key" = ? LIMIT ?[0m  [["key", :environment], ["LIMIT", 1]]
  [1m[35m (0.1ms)[0m  [1m[36mbegin transaction[0m
  [1m[35m (0.1ms)[0m  [1m[36mcommit transaction[0m
  [1m[36mActiveRecord::SchemaMigration Load (0.1ms)[0m  [1m[34mSELECT "schema_migrations".* FROM "schema_migrations"[0m
  [1m[35m (0.1ms)[0m  [1m[34m            SELECT sql
            FROM sqlite_master
            WHERE name='index_active_admin_comments_on_namespace' AND type='index'
            UNION ALL
            SELECT sql
            FROM sqlite_temp_master
            WHERE name='index_active_admin_comments_on_namespace' AND type='index'
[0m
  [1m[35m (0.1ms)[0m  [1m[34m            SELECT sql
            FROM sqlite_master
            WHERE name='index_active_admin_comments_on_author_type_and_author_id' AND type='index'
            UNION ALL
            SELECT sql
            FROM sqlite_temp_master
            WHERE name='index_active_admin_comments_on_author_type_and_author_id' AND type='index'
[0m
  [1m[35m (0.1ms)[0m  [1m[34m            SELECT sql
            FROM sqlite_master
            WHERE name='index_active_admin_comments_on_resource_type_and_resource_id' AND type='index'
            UNION ALL
            SELECT sql
            FROM sqlite_temp_master
            WHERE name='index_active_admin_comments_on_resource_type_and_resource_id' AND type='index'
[0m
  [1m[36mActiveRecord::SchemaMigration Load (0.2ms)[0m  [1m[34mSELECT "schema_migrations".* FROM "schema_migrations"[0m
Started GET "/admin" for ::1 at 2017-05-09 18:13:01 -0500
  [1m[36mActiveRecord::SchemaMigration Load (0.1ms)[0m  [1m[34mSELECT "schema_migrations".* FROM "schema_migrations"[0m
Processing by Admin::DashboardController#index as HTML
  Rendering /Users/Nick/.rvm/gems/ruby-2.3.3/gems/activeadmin-1.0.0/app/views/active_admin/page/index.html.arb
  Rendered /Users/Nick/.rvm/gems/ruby-2.3.3/gems/activeadmin-1.0.0/app/views/active_admin/page/index.html.arb (8.1ms)
Completed 200 OK in 15ms (Views: 12.0ms | ActiveRecord: 0.0ms)


Started GET "/admin" for ::1 at 2017-05-09 18:13:04 -0500
Processing by Admin::DashboardController#index as HTML
  Rendering /Users/Nick/.rvm/gems/ruby-2.3.3/gems/activeadmin-1.0.0/app/views/active_admin/page/index.html.arb
  Rendered /Users/Nick/.rvm/gems/ruby-2.3.3/gems/activeadmin-1.0.0/app/views/active_admin/page/index.html.arb (6.1ms)
Completed 200 OK in 11ms (Views: 9.9ms | ActiveRecord: 0.0ms)


Started GET "/admin/dashboard" for ::1 at 2017-05-09 18:13:07 -0500
Processing by Admin::DashboardController#index as HTML
  Rendering /Users/Nick/.rvm/gems/ruby-2.3.3/gems/activeadmin-1.0.0/app/views/active_admin/page/index.html.arb
  Rendered /Users/Nick/.rvm/gems/ruby-2.3.3/gems/activeadmin-1.0.0/app/views/active_admin/page/index.html.arb (4.3ms)
Completed 200 OK in 9ms (Views: 8.1ms | ActiveRecord: 0.0ms)


Started GET "/admin/" for ::1 at 2017-05-09 18:13:12 -0500
Processing by Admin::DashboardController#index as HTML
  Rendering /Users/Nick/.rvm/gems/ruby-2.3.3/gems/activeadmin-1.0.0/app/views/active_admin/page/index.html.arb
  Rendered /Users/Nick/.rvm/gems/ruby-2.3.3/gems/activeadmin-1.0.0/app/views/active_admin/page/index.html.arb (3.4ms)
Completed 200 OK in 7ms (Views: 6.8ms | ActiveRecord: 0.0ms)


Started GET "/admin/comments" for ::1 at 2017-05-09 18:13:19 -0500
Processing by Admin::CommentsController#index as HTML
  Rendering /Users/Nick/.rvm/gems/ruby-2.3.3/gems/activeadmin-1.0.0/app/views/active_admin/resource/index.html.arb
  [1m[35m (0.2ms)[0m  [1m[34mSELECT COUNT(*) FROM "active_admin_comments" WHERE "active_admin_comments"."namespace" = ?[0m  [["namespace", "admin"]]
  [1m[35m (0.2ms)[0m  [1m[34mSELECT COUNT(count_column) FROM (SELECT  1 AS count_column FROM "active_admin_comments" WHERE "active_admin_comments"."namespace" = ? LIMIT ? OFFSET ?) subquery_for_count[0m  [["namespace", "admin"], ["LIMIT", 30], ["OFFSET", 0]]
  [1m[35m (0.1ms)[0m  [1m[34mSELECT DISTINCT "active_admin_comments"."resource_type" FROM "active_admin_comments" ORDER BY resource_type asc[0m
  [1m[35m (0.2ms)[0m  [1m[34mSELECT DISTINCT "active_admin_comments"."author_type" FROM "active_admin_comments" ORDER BY author_type asc[0m
  Rendered /Users/Nick/.rvm/gems/ruby-2.3.3/gems/activeadmin-1.0.0/app/views/active_admin/resource/index.html.arb (43.8ms)
Completed 200 OK in 60ms (Views: 50.9ms | ActiveRecord: 1.3ms)


Started GET "/admin/" for ::1 at 2017-05-09 18:14:32 -0500
Processing by Admin::DashboardController#index as HTML
  Rendering /Users/Nick/.rvm/gems/ruby-2.3.3/gems/activeadmin-1.0.0/app/views/active_admin/page/index.html.arb
  Rendered /Users/Nick/.rvm/gems/ruby-2.3.3/gems/activeadmin-1.0.0/app/views/active_admin/page/index.html.arb (6.0ms)
Completed 200 OK in 10ms (Views: 9.6ms | ActiveRecord: 0.0ms)


Started GET "/admin/designer" for ::1 at 2017-05-09 18:14:35 -0500
  
ActionController::RoutingError (No route matches [GET] "/admin/designer"):
  
actionpack (5.0.2) lib/action_dispatch/middleware/debug_exceptions.rb:53:in `call'
web-console (3.5.0) lib/web_console/middleware.rb:135:in `call_app'
web-console (3.5.0) lib/web_console/middleware.rb:28:in `block in call'
web-console (3.5.0) lib/web_console/middleware.rb:18:in `catch'
web-console (3.5.0) lib/web_console/middleware.rb:18:in `call'
actionpack (5.0.2) lib/action_dispatch/middleware/show_exceptions.rb:31:in `call'
railties (5.0.2) lib/rails/rack/logger.rb:36:in `call_app'
railties (5.0.2) lib/rails/rack/logger.rb:24:in `block in call'
activesupport (5.0.2) lib/active_support/tagged_logging.rb:69:in `block in tagged'
activesupport (5.0.2) lib/active_support/tagged_logging.rb:26:in `tagged'
activesupport (5.0.2) lib/active_support/tagged_logging.rb:69:in `tagged'
railties (5.0.2) lib/rails/rack/logger.rb:24:in `call'
sprockets-rails (3.2.0) lib/sprockets/rails/quiet_assets.rb:13:in `call'
actionpack (5.0.2) lib/action_dispatch/middleware/request_id.rb:24:in `call'
rack (2.0.2) lib/rack/method_override.rb:22:in `call'
rack (2.0.2) lib/rack/runtime.rb:22:in `call'
activesupport (5.0.2) lib/active_support/cache/strategy/local_cache_middleware.rb:28:in `call'
actionpack (5.0.2) lib/action_dispatch/middleware/executor.rb:12:in `call'
actionpack (5.0.2) lib/action_dispatch/middleware/static.rb:136:in `call'
rack (2.0.2) lib/rack/sendfile.rb:111:in `call'
railties (5.0.2) lib/rails/engine.rb:522:in `call'
puma (3.8.2) lib/puma/configuration.rb:224:in `call'
puma (3.8.2) lib/puma/server.rb:600:in `handle_request'
puma (3.8.2) lib/puma/server.rb:435:in `process_client'
puma (3.8.2) lib/puma/server.rb:299:in `block in run'
puma (3.8.2) lib/puma/thread_pool.rb:120:in `block in spawn_thread'
  Rendering /Users/Nick/.rvm/gems/ruby-2.3.3/gems/actionpack-5.0.2/lib/action_dispatch/middleware/templates/rescues/routing_error.html.erb within rescues/layout
  Rendering /Users/Nick/.rvm/gems/ruby-2.3.3/gems/actionpack-5.0.2/lib/action_dispatch/middleware/templates/rescues/_trace.html.erb
  Rendered /Users/Nick/.rvm/gems/ruby-2.3.3/gems/actionpack-5.0.2/lib/action_dispatch/middleware/templates/rescues/_trace.html.erb (1.0ms)
  Rendered collection of /Users/Nick/.rvm/gems/ruby-2.3.3/gems/actionpack-5.0.2/lib/action_dispatch/middleware/templates/routes/_route.html.erb [13 times] (3.9ms)
  Rendered /Users/Nick/.rvm/gems/ruby-2.3.3/gems/actionpack-5.0.2/lib/action_dispatch/middleware/templates/routes/_table.html.erb (1.7ms)
  Rendering /Users/Nick/.rvm/gems/ruby-2.3.3/gems/actionpack-5.0.2/lib/action_dispatch/middleware/templates/rescues/_request_and_response.html.erb
  Rendered /Users/Nick/.rvm/gems/ruby-2.3.3/gems/actionpack-5.0.2/lib/action_dispatch/middleware/templates/rescues/_request_and_response.html.erb (1.0ms)
  Rendered /Users/Nick/.rvm/gems/ruby-2.3.3/gems/actionpack-5.0.2/lib/action_dispatch/middleware/templates/rescues/routing_error.html.erb within rescues/layout (82.9ms)
Started GET "/" for ::1 at 2017-05-09 18:14:38 -0500
Processing by Rails::WelcomeController#index as HTML
  Parameters: {"internal"=>true}
  Rendering /Users/Nick/.rvm/gems/ruby-2.3.3/gems/railties-5.0.2/lib/rails/templates/rails/welcome/index.html.erb
  Rendered /Users/Nick/.rvm/gems/ruby-2.3.3/gems/railties-5.0.2/lib/rails/templates/rails/welcome/index.html.erb (3.9ms)
Completed 200 OK in 9ms (Views: 6.0ms | ActiveRecord: 0.0ms)


Started GET "/admin" for ::1 at 2017-05-09 18:14:41 -0500
Processing by Admin::DashboardController#index as HTML
  Rendering /Users/Nick/.rvm/gems/ruby-2.3.3/gems/activeadmin-1.0.0/app/views/active_admin/page/index.html.arb
  Rendered /Users/Nick/.rvm/gems/ruby-2.3.3/gems/activeadmin-1.0.0/app/views/active_admin/page/index.html.arb (4.2ms)
Completed 200 OK in 8ms (Views: 7.6ms | ActiveRecord: 0.0ms)


Started GET "/admin" for ::1 at 2017-05-09 18:14:43 -0500
Processing by Admin::DashboardController#index as HTML
  Rendering /Users/Nick/.rvm/gems/ruby-2.3.3/gems/activeadmin-1.0.0/app/views/active_admin/page/index.html.arb
  Rendered /Users/Nick/.rvm/gems/ruby-2.3.3/gems/activeadmin-1.0.0/app/views/active_admin/page/index.html.arb (3.7ms)
Completed 200 OK in 7ms (Views: 6.8ms | ActiveRecord: 0.0ms)


Started GET "/" for ::1 at 2017-05-09 18:14:46 -0500
Processing by Rails::WelcomeController#index as HTML
  Parameters: {"internal"=>true}
  Rendering /Users/Nick/.rvm/gems/ruby-2.3.3/gems/railties-5.0.2/lib/rails/templates/rails/welcome/index.html.erb
  Rendered /Users/Nick/.rvm/gems/ruby-2.3.3/gems/railties-5.0.2/lib/rails/templates/rails/welcome/index.html.erb (4.2ms)
Completed 200 OK in 9ms (Views: 7.1ms | ActiveRecord: 0.0ms)


Started GET "/admin" for ::1 at 2017-05-09 18:16:12 -0500
Processing by Admin::DashboardController#index as HTML
  Rendering /Users/Nick/.rvm/gems/ruby-2.3.3/gems/activeadmin-1.0.0/app/views/active_admin/page/index.html.arb
  Rendered /Users/Nick/.rvm/gems/ruby-2.3.3/gems/activeadmin-1.0.0/app/views/active_admin/page/index.html.arb (24.4ms)
Completed 200 OK in 39ms (Views: 33.3ms | ActiveRecord: 0.0ms)


Started GET "/admin/dashboard" for ::1 at 2017-05-09 18:16:21 -0500
Processing by Admin::DashboardController#index as HTML
  Rendering /Users/Nick/.rvm/gems/ruby-2.3.3/gems/activeadmin-1.0.0/app/views/active_admin/page/index.html.arb
  Rendered /Users/Nick/.rvm/gems/ruby-2.3.3/gems/activeadmin-1.0.0/app/views/active_admin/page/index.html.arb (9.9ms)
Completed 200 OK in 14ms (Views: 13.2ms | ActiveRecord: 0.0ms)


Started GET "/admin" for ::1 at 2017-05-09 18:16:22 -0500
Processing by Admin::DashboardController#index as HTML
  Rendering /Users/Nick/.rvm/gems/ruby-2.3.3/gems/activeadmin-1.0.0/app/views/active_admin/page/index.html.arb
  Rendered /Users/Nick/.rvm/gems/ruby-2.3.3/gems/activeadmin-1.0.0/app/views/active_admin/page/index.html.arb (5.1ms)
Completed 200 OK in 10ms (Views: 9.6ms | ActiveRecord: 0.0ms)


Started GET "/admin/comments" for ::1 at 2017-05-09 18:16:23 -0500
Processing by Admin::CommentsController#index as HTML
  Rendering /Users/Nick/.rvm/gems/ruby-2.3.3/gems/activeadmin-1.0.0/app/views/active_admin/resource/index.html.arb
  [1m[35m (1.0ms)[0m  [1m[34mSELECT COUNT(*) FROM "active_admin_comments" WHERE "active_admin_comments"."namespace" = ?[0m  [["namespace", "admin"]]
  [1m[35m (0.2ms)[0m  [1m[34mSELECT COUNT(count_column) FROM (SELECT  1 AS count_column FROM "active_admin_comments" WHERE "active_admin_comments"."namespace" = ? LIMIT ? OFFSET ?) subquery_for_count[0m  [["namespace", "admin"], ["LIMIT", 30], ["OFFSET", 0]]
  [1m[35m (0.2ms)[0m  [1m[34mSELECT DISTINCT "active_admin_comments"."resource_type" FROM "active_admin_comments" ORDER BY resource_type asc[0m
  [1m[35m (0.1ms)[0m  [1m[34mSELECT DISTINCT "active_admin_comments"."author_type" FROM "active_admin_comments" ORDER BY author_type asc[0m
  Rendered /Users/Nick/.rvm/gems/ruby-2.3.3/gems/activeadmin-1.0.0/app/views/active_admin/resource/index.html.arb (43.9ms)
Completed 200 OK in 65ms (Views: 49.2ms | ActiveRecord: 1.5ms)


